<?xml version="1.0" encoding="UTF-8"?>
<!-- Generated by org.testng.reporters.JUnitReportReporter -->
<testsuite hostname="DESKTOP-P9KV7FH" failures="0" tests="1" name="com.myntraProjectUpdate.App" time="55.332" errors="0" timestamp="2023-06-07T12:08:15 IST" skipped="0">
  <testcase classname="com.myntraProjectUpdate.App" name="search" time="55.332"/>
  <system-out/>
</testsuite> <!-- com.myntraProjectUpdate.App -->
